Script started on 2025-05-24 15:01:57+02:00 [COMMAND="dotnet build" TERM="xterm-256color" TTY="/dev/pts/4" COLUMNS="109" LINES="24"]
[?1h=  Determining projects to restore...
[39;49m[91m/home/micro/Volunteer_sync/src/VolunteerSync.API/VolunteerSync.API.csproj : error NU1102: Unable to find package AutoMapper.Extensions.Microsoft.DependencyInjection with version (>= 13.0.1) [/home/micro/Volunteer_sync/VolunteerSync.sln]
/home/micro/Volunteer_sync/src/VolunteerSync.API/VolunteerSync.API.csproj : error NU1102:   - Found 26 version(s) in nuget.org [ Nearest version: 12.0.1 ] [/home/micro/Volunteer_sync/VolunteerSync.sln]
[39;49m[39;49m[91m/home/micro/Volunteer_sync/tests/VolunteerSync.Tests/VolunteerSync.Tests.csproj : error NU1102: Unable to find package AutoMapper.Extensions.Microsoft.DependencyInjection with version (>= 13.0.1) [/home/micro/Volunteer_sync/VolunteerSync.sln]
/home/micro/Volunteer_sync/tests/VolunteerSync.Tests/VolunteerSync.Tests.csproj : error NU1102:   - Found 26 version(s) in nuget.org [ Nearest version: 12.0.1 ] [/home/micro/Volunteer_sync/VolunteerSync.sln]
[39;49m  Failed to restore /home/micro/Volunteer_sync/src/VolunteerSync.API/VolunteerSync.API.csproj (in 1.5 sec).
  Failed to restore /home/micro/Volunteer_sync/tests/VolunteerSync.Tests/VolunteerSync.Tests.csproj (in 1.82 sec).
  3 of 5 projects are up-to-date for restore.

Build FAILED.
[39;49m
[39;49m[91m/home/micro/Volunteer_sync/src/VolunteerSync.API/VolunteerSync.API.csproj : error NU1102: Unable to find package AutoMapper.Extensions.Microsoft.DependencyInjection with version (>= 13.0.1) [/home/micro/Volunteer_sync/VolunteerSync.sln]
/home/micro/Volunteer_sync/src/VolunteerSync.API/VolunteerSync.API.csproj : error NU1102:   - Found 26 version(s) in nuget.org [ Nearest version: 12.0.1 ] [/home/micro/Volunteer_sync/VolunteerSync.sln]
/home/micro/Volunteer_sync/tests/VolunteerSync.Tests/VolunteerSync.Tests.csproj : error NU1102: Unable to find package AutoMapper.Extensions.Microsoft.DependencyInjection with version (>= 13.0.1) [/home/micro/Volunteer_sync/VolunteerSync.sln]
/home/micro/Volunteer_sync/tests/VolunteerSync.Tests/VolunteerSync.Tests.csproj : error NU1102:   - Found 26 version(s) in nuget.org [ Nearest version: 12.0.1 ] [/home/micro/Volunteer_sync/VolunteerSync.sln]
[39;49m    0 Warning(s)
[39;49m[39;49m[91m    2 Error(s)
[39;49m
Time Elapsed 00:00:06.98

Script done on 2025-05-24 15:02:05+02:00 [COMMAND_EXIT_CODE="1"]
